<?xml version="1.0" encoding="UTF-8"?>
<coverage generated="1396649527">
  <project timestamp="1396649527">
    <file name="/var/www/boss-poker-gds/config/config.php">
      <line num="3" type="stmt" count="1"/>
      <line num="5" type="stmt" count="1"/>
      <line num="6" type="stmt" count="1"/>
      <line num="8" type="stmt" count="1"/>
      <line num="9" type="stmt" count="1"/>
      <line num="10" type="stmt" count="1"/>
      <line num="11" type="stmt" count="1"/>
      <line num="12" type="stmt" count="1"/>
      <line num="13" type="stmt" count="1"/>
      <line num="14" type="stmt" count="1"/>
      <metrics loc="13" ncloc="13" classes="0" methods="0" coveredmethods="0" conditionals="0" coveredconditionals="0" statements="9" coveredstatements="9" elements="9" coveredelements="9"/>
    </file>
    <package name="VasilDakov\GDS">
      <file name="/var/www/boss-poker-gds/src/GDS/GenericPortalAdapter.php">
        <class name="GenericPortalAdapter" namespace="VasilDakov\GDS">
          <metrics methods="3" coveredmethods="2" conditionals="0" coveredconditionals="0" statements="9" coveredstatements="8" elements="12" coveredelements="10"/>
        </class>
        <line num="26" type="method" name="__construct" crap="3" count="3"/>
        <line num="28" type="stmt" count="3"/>
        <line num="30" type="stmt" count="3"/>
        <line num="31" type="stmt" count="3"/>
        <line num="32" type="stmt" count="3"/>
        <line num="33" type="stmt" count="3"/>
        <line num="34" type="stmt" count="3"/>
        <line num="35" type="stmt" count="3"/>
        <line num="38" type="method" name="Register" crap="1" count="1"/>
        <line num="40" type="stmt" count="1"/>
        <line num="44" type="method" name="Login" crap="2" count="0"/>
        <line num="46" type="stmt" count="0"/>
        <metrics loc="139" ncloc="131" classes="1" methods="3" coveredmethods="2" conditionals="0" coveredconditionals="0" statements="9" coveredstatements="8" elements="12" coveredelements="10"/>
      </file>
      <file name="/var/www/boss-poker-gds/src/GDS/UsercustService.php">
        <class name="UsercustService" namespace="VasilDakov\GDS">
          <metrics methods="1" coveredmethods="1" conditionals="0" coveredconditionals="0" statements="1" coveredstatements="1" elements="2" coveredelements="2"/>
        </class>
        <line num="16" type="method" name="__construct" crap="1" count="1"/>
        <line num="19" type="stmt" count="1"/>
        <metrics loc="102" ncloc="47" classes="1" methods="1" coveredmethods="1" conditionals="0" coveredconditionals="0" statements="1" coveredstatements="1" elements="2" coveredelements="2"/>
      </file>
      <file name="/var/www/boss-poker-gds/src/GDS/WarehouseService.php">
        <class name="WarehouseService" namespace="VasilDakov\GDS">
          <metrics methods="22" coveredmethods="1" conditionals="0" coveredconditionals="0" statements="72" coveredstatements="8" elements="94" coveredelements="9"/>
        </class>
        <line num="14" type="stmt" count="1"/>
        <line num="69" type="method" name="__construct" crap="4" count="6"/>
        <line num="71" type="stmt" count="6"/>
        <line num="73" type="stmt" count="6"/>
        <line num="74" type="stmt" count="6"/>
        <line num="75" type="stmt" count="6"/>
        <line num="76" type="stmt" count="6"/>
        <line num="77" type="stmt" count="6"/>
        <line num="78" type="stmt" count="6"/>
        <line num="79" type="stmt" count="6"/>
        <line num="88" type="method" name="getAggCustProdDaily" crap="2" count="0"/>
        <line num="90" type="stmt" count="0"/>
        <line num="91" type="stmt" count="0"/>
        <line num="93" type="stmt" count="0"/>
        <line num="103" type="method" name="getAggLog" crap="2" count="0"/>
        <line num="105" type="stmt" count="0"/>
        <line num="106" type="stmt" count="0"/>
        <line num="108" type="stmt" count="0"/>
        <line num="118" type="method" name="getAggMttDaily" crap="2" count="0"/>
        <line num="120" type="stmt" count="0"/>
        <line num="121" type="stmt" count="0"/>
        <line num="123" type="stmt" count="0"/>
        <line num="133" type="method" name="getAggPokerDaily" crap="2" count="0"/>
        <line num="135" type="stmt" count="0"/>
        <line num="136" type="stmt" count="0"/>
        <line num="138" type="stmt" count="0"/>
        <line num="148" type="method" name="getAggProdDailyPlayerNumbers" crap="2" count="0"/>
        <line num="150" type="stmt" count="0"/>
        <line num="151" type="stmt" count="0"/>
        <line num="153" type="stmt" count="0"/>
        <line num="163" type="method" name="getAggProdGroupDailyRegistrations" crap="2" count="0"/>
        <line num="165" type="stmt" count="0"/>
        <line num="166" type="stmt" count="0"/>
        <line num="168" type="stmt" count="0"/>
        <line num="178" type="method" name="getAggSttDaily" crap="2" count="0"/>
        <line num="180" type="stmt" count="0"/>
        <line num="181" type="stmt" count="0"/>
        <line num="183" type="stmt" count="0"/>
        <line num="193" type="method" name="getAggTableDaily" crap="2" count="0"/>
        <line num="195" type="stmt" count="0"/>
        <line num="196" type="stmt" count="0"/>
        <line num="198" type="stmt" count="0"/>
        <line num="208" type="method" name="getCustomerAccountStates" crap="2" count="0"/>
        <line num="210" type="stmt" count="0"/>
        <line num="211" type="stmt" count="0"/>
        <line num="213" type="stmt" count="0"/>
        <line num="223" type="method" name="getDailyBalanceOut" crap="2" count="0"/>
        <line num="225" type="stmt" count="0"/>
        <line num="226" type="stmt" count="0"/>
        <line num="228" type="stmt" count="0"/>
        <line num="238" type="method" name="getDimensionGame" crap="2" count="0"/>
        <line num="240" type="stmt" count="0"/>
        <line num="241" type="stmt" count="0"/>
        <line num="243" type="stmt" count="0"/>
        <line num="253" type="method" name="getDimensionPlayer" crap="2" count="0"/>
        <line num="255" type="stmt" count="0"/>
        <line num="256" type="stmt" count="0"/>
        <line num="258" type="stmt" count="0"/>
        <line num="268" type="method" name="getDimensionPlayerAffiliate" crap="2" count="0"/>
        <line num="270" type="stmt" count="0"/>
        <line num="271" type="stmt" count="0"/>
        <line num="273" type="stmt" count="0"/>
        <line num="283" type="method" name="getDimensionProduct" crap="2" count="0"/>
        <line num="285" type="stmt" count="0"/>
        <line num="286" type="stmt" count="0"/>
        <line num="288" type="stmt" count="0"/>
        <line num="298" type="method" name="getGroupGameSession" crap="2" count="0"/>
        <line num="300" type="stmt" count="0"/>
        <line num="301" type="stmt" count="0"/>
        <line num="303" type="stmt" count="0"/>
        <line num="313" type="method" name="getPlayerBonusMoneyTransaction" crap="2" count="0"/>
        <line num="315" type="stmt" count="0"/>
        <line num="316" type="stmt" count="0"/>
        <line num="318" type="stmt" count="0"/>
        <line num="328" type="method" name="getPlayerRealMoneyTransaction" crap="2" count="0"/>
        <line num="330" type="stmt" count="0"/>
        <line num="331" type="stmt" count="0"/>
        <line num="333" type="stmt" count="0"/>
        <line num="342" type="method" name="getReferCampaignReport" crap="2" count="0"/>
        <line num="344" type="stmt" count="0"/>
        <line num="345" type="stmt" count="0"/>
        <line num="347" type="stmt" count="0"/>
        <line num="357" type="method" name="getSessionStakes" crap="2" count="0"/>
        <line num="359" type="stmt" count="0"/>
        <line num="360" type="stmt" count="0"/>
        <line num="362" type="stmt" count="0"/>
        <line num="363" type="stmt" count="0"/>
        <line num="374" type="method" name="getTodaysAggScriptRuns" crap="2" count="0"/>
        <line num="376" type="stmt" count="0"/>
        <line num="377" type="stmt" count="0"/>
        <line num="379" type="stmt" count="0"/>
        <line num="389" type="method" name="getPlayerPokerGamingActivity" crap="2" count="0"/>
        <line num="391" type="stmt" count="0"/>
        <line num="392" type="stmt" count="0"/>
        <line num="394" type="stmt" count="0"/>
        <metrics loc="396" ncloc="260" classes="1" methods="22" coveredmethods="1" conditionals="0" coveredconditionals="0" statements="73" coveredstatements="9" elements="95" coveredelements="10"/>
      </file>
    </package>
    <package name="VasilDakov\GDS\GenericPortalAdapter">
      <file name="/var/www/boss-poker-gds/src/GDS/GenericPortalAdapter/LoginRequest.php">
        <class name="LoginRequest" namespace="VasilDakov\GDS\GenericPortalAdapter">
          <metrics methods="3" coveredmethods="1" conditionals="0" coveredconditionals="0" statements="8" coveredstatements="1" elements="11" coveredelements="2"/>
        </class>
        <line num="12" type="method" name="__construct" crap="1" count="2"/>
        <line num="14" type="stmt" count="2"/>
        <line num="16" type="method" name="__get" crap="6" count="0"/>
        <line num="18" type="stmt" count="0"/>
        <line num="19" type="stmt" count="0"/>
        <line num="21" type="stmt" count="0"/>
        <line num="24" type="method" name="__set" crap="6" count="0"/>
        <line num="26" type="stmt" count="0"/>
        <line num="27" type="stmt" count="0"/>
        <line num="28" type="stmt" count="0"/>
        <line num="30" type="stmt" count="0"/>
        <metrics loc="31" ncloc="31" classes="1" methods="3" coveredmethods="1" conditionals="0" coveredconditionals="0" statements="8" coveredstatements="1" elements="11" coveredelements="2"/>
      </file>
      <file name="/var/www/boss-poker-gds/src/GDS/GenericPortalAdapter/RegisterRequest.php">
        <class name="RegisterRequest" namespace="VasilDakov\GDS\GenericPortalAdapter">
          <metrics methods="3" coveredmethods="1" conditionals="0" coveredconditionals="0" statements="8" coveredstatements="1" elements="11" coveredelements="2"/>
        </class>
        <line num="24" type="method" name="__construct" crap="1" count="1"/>
        <line num="27" type="stmt" count="1"/>
        <line num="29" type="method" name="__get" crap="6" count="0"/>
        <line num="31" type="stmt" count="0"/>
        <line num="32" type="stmt" count="0"/>
        <line num="34" type="stmt" count="0"/>
        <line num="37" type="method" name="__set" crap="6" count="0"/>
        <line num="39" type="stmt" count="0"/>
        <line num="40" type="stmt" count="0"/>
        <line num="41" type="stmt" count="0"/>
        <line num="43" type="stmt" count="0"/>
        <metrics loc="45" ncloc="45" classes="1" methods="3" coveredmethods="1" conditionals="0" coveredconditionals="0" statements="8" coveredstatements="1" elements="11" coveredelements="2"/>
      </file>
    </package>
    <metrics files="6" loc="726" ncloc="527" classes="5" methods="32" coveredmethods="6" conditionals="0" coveredconditionals="0" statements="108" coveredstatements="29" elements="140" coveredelements="35"/>
  </project>
</coverage>
